# JRE version: OpenJDK Runtime Environment (11.0.8+10) (build 11.0.8+10-b944.6842174)
# Java VM: OpenJDK 64-Bit Server VM (11.0.8+10-b944.6842174, mixed mode, tiered, compressed oops, g1 gc, windows-amd64)
Heap:
 garbage-first heap   total 143360K, used 86435K [0x0000000080000000, 0x0000000100000000)
  region size 1024K, 2 young (2048K), 2 survivors (2048K)
 Metaspace       used 78757K, capacity 80708K, committed 80972K, reserved 1120256K
  class space    used 10109K, capacity 10774K, committed 10880K, reserved 1048576K
GC Heap History (20 events):
Event: 28.028 GC heap after
{Heap after GC invocations=29 (full 0):
 garbage-first heap   total 98304K, used 57493K [0x0000000080000000, 0x0000000100000000)
  region size 1024K, 3 young (3072K), 3 survivors (3072K)
 Metaspace       used 77015K, capacity 78942K, committed 79052K, reserved 1118208K
  class space    used 10041K, capacity 10712K, committed 10752K, reserved 1048576K
}
Event: 29.115 GC heap before
{Heap before GC invocations=30 (full 0):
 garbage-first heap   total 98304K, used 81045K [0x0000000080000000, 0x0000000100000000)
  region size 1024K, 26 young (26624K), 3 survivors (3072K)
 Metaspace       used 77204K, capacity 79099K, committed 79308K, reserved 1118208K
  class space    used 10034K, capacity 10699K, committed 10752K, reserved 1048576K
}
Event: 29.124 GC heap after
{Heap after GC invocations=31 (full 0):
 garbage-first heap   total 98304K, used 58037K [0x0000000080000000, 0x0000000100000000)
  region size 1024K, 2 young (2048K), 2 survivors (2048K)
 Metaspace       used 77204K, capacity 79099K, committed 79308K, reserved 1118208K
  class space    used 10034K, capacity 10699K, committed 10752K, reserved 1048576K
}
Event: 30.377 GC heap before
{Heap before GC invocations=31 (full 0):
 garbage-first heap   total 98304K, used 81589K [0x0000000080000000, 0x0000000100000000)
  region size 1024K, 26 young (26624K), 2 survivors (2048K)
 Metaspace       used 77356K, capacity 79302K, committed 79564K, reserved 1118208K
  class space    used 10034K, capacity 10699K, committed 10752K, reserved 1048576K
}
Event: 30.397 GC heap after
{Heap after GC invocations=32 (full 0):
 garbage-first heap   total 98304K, used 60052K [0x0000000080000000, 0x0000000100000000)
  region size 1024K, 4 young (4096K), 4 survivors (4096K)
 Metaspace       used 77356K, capacity 79302K, committed 79564K, reserved 1118208K
  class space    used 10034K, capacity 10699K, committed 10752K, reserved 1048576K
}
Event: 32.696 GC heap before
{Heap before GC invocations=33 (full 0):
 garbage-first heap   total 98304K, used 82580K [0x0000000080000000, 0x0000000100000000)
  region size 1024K, 26 young (26624K), 4 survivors (4096K)
 Metaspace       used 77299K, capacity 79192K, committed 79564K, reserved 1118208K
  class space    used 10001K, capacity 10640K, committed 10752K, reserved 1048576K
}
Event: 32.715 GC heap after
{Heap after GC invocations=34 (full 0):
 garbage-first heap   total 118784K, used 63225K [0x0000000080000000, 0x0000000100000000)
  region size 1024K, 4 young (4096K), 4 survivors (4096K)
 Metaspace       used 77299K, capacity 79192K, committed 79564K, reserved 1118208K
  class space    used 10001K, capacity 10640K, committed 10752K, reserved 1048576K
}
Event: 33.451 GC heap before
{Heap before GC invocations=34 (full 0):
 garbage-first heap   total 118784K, used 78585K [0x0000000080000000, 0x0000000100000000)
  region size 1024K, 20 young (20480K), 4 survivors (4096K)
 Metaspace       used 77372K, capacity 79256K, committed 79564K, reserved 1118208K
  class space    used 10001K, capacity 10640K, committed 10752K, reserved 1048576K
}
Event: 33.463 GC heap after
{Heap after GC invocations=35 (full 0):
 garbage-first heap   total 118784K, used 66071K [0x0000000080000000, 0x0000000100000000)
  region size 1024K, 4 young (4096K), 4 survivors (4096K)
 Metaspace       used 77372K, capacity 79256K, committed 79564K, reserved 1118208K
  class space    used 10001K, capacity 10640K, committed 10752K, reserved 1048576K
}
Event: 34.651 GC heap before
{Heap before GC invocations=36 (full 0):
 garbage-first heap   total 118784K, used 95767K [0x0000000080000000, 0x0000000100000000)
  region size 1024K, 30 young (30720K), 4 survivors (4096K)
 Metaspace       used 77384K, capacity 79256K, committed 79564K, reserved 1118208K
  class space    used 10001K, capacity 10640K, committed 10752K, reserved 1048576K
}
Event: 34.666 GC heap after
{Heap after GC invocations=37 (full 0):
 garbage-first heap   total 118784K, used 73433K [0x0000000080000000, 0x0000000100000000)
  region size 1024K, 4 young (4096K), 4 survivors (4096K)
 Metaspace       used 77384K, capacity 79256K, committed 79564K, reserved 1118208K
  class space    used 10001K, capacity 10640K, committed 10752K, reserved 1048576K
}
Event: 35.225 GC heap before
{Heap before GC invocations=37 (full 0):
 garbage-first heap   total 118784K, used 95961K [0x0000000080000000, 0x0000000100000000)
  region size 1024K, 26 young (26624K), 4 survivors (4096K)
 Metaspace       used 77749K, capacity 79654K, committed 79948K, reserved 1118208K
  class space    used 10033K, capacity 10709K, committed 10880K, reserved 1048576K
}
Event: 35.235 GC heap after
{Heap after GC invocations=38 (full 0):
 garbage-first heap   total 118784K, used 77208K [0x0000000080000000, 0x0000000100000000)
  region size 1024K, 4 young (4096K), 4 survivors (4096K)
 Metaspace       used 77749K, capacity 79654K, committed 79948K, reserved 1118208K
  class space    used 10033K, capacity 10709K, committed 10880K, reserved 1048576K
}
Event: 35.549 GC heap before
{Heap before GC invocations=39 (full 0):
 garbage-first heap   total 118784K, used 84376K [0x0000000080000000, 0x0000000100000000)
  region size 1024K, 12 young (12288K), 4 survivors (4096K)
 Metaspace       used 78122K, capacity 80030K, committed 80460K, reserved 1118208K
  class space    used 10072K, capacity 10729K, committed 10880K, reserved 1048576K
}
Event: 35.559 GC heap after
{Heap after GC invocations=40 (full 0):
 garbage-first heap   total 118784K, used 78334K [0x0000000080000000, 0x0000000100000000)
  region size 1024K, 2 young (2048K), 2 survivors (2048K)
 Metaspace       used 78122K, capacity 80030K, committed 80460K, reserved 1118208K
  class space    used 10072K, capacity 10729K, committed 10880K, reserved 1048576K
}
Event: 37.766 GC heap before
{Heap before GC invocations=41 (full 0):
 garbage-first heap   total 118784K, used 107006K [0x0000000080000000, 0x0000000100000000)
  region size 1024K, 22 young (22528K), 2 survivors (2048K)
 Metaspace       used 78231K, capacity 80162K, committed 80460K, reserved 1118208K
  class space    used 10077K, capacity 10730K, committed 10880K, reserved 1048576K
}
Event: 37.777 GC heap after
{Heap after GC invocations=42 (full 0):
 garbage-first heap   total 118784K, used 80500K [0x0000000080000000, 0x0000000100000000)
  region size 1024K, 3 young (3072K), 3 survivors (3072K)
 Metaspace       used 78231K, capacity 80162K, committed 80460K, reserved 1118208K
  class space    used 10077K, capacity 10730K, committed 10880K, reserved 1048576K
}
Event: 38.628 GC heap before
{Heap before GC invocations=42 (full 0):
 garbage-first heap   total 118784K, used 89716K [0x0000000080000000, 0x0000000100000000)
  region size 1024K, 14 young (14336K), 3 survivors (3072K)
 Metaspace       used 78266K, capacity 80232K, committed 80460K, reserved 1118208K
  class space    used 10079K, capacity 10732K, committed 10880K, reserved 1048576K
}
Event: 38.642 GC heap after
{Heap after GC invocations=43 (full 0):
 garbage-first heap   total 118784K, used 84818K [0x0000000080000000, 0x0000000100000000)
  region size 1024K, 3 young (3072K), 3 survivors (3072K)
 Metaspace       used 78266K, capacity 80232K, committed 80460K, reserved 1118208K
  class space    used 10079K, capacity 10732K, committed 10880K, reserved 1048576K
}
Event: 39.284 GC heap before
{Heap before GC invocations=44 (full 0):
 garbage-first heap   total 118784K, used 111442K [0x0000000080000000, 0x0000000100000000)
  region size 1024K, 15 young (15360K), 3 survivors (3072K)
 Metaspace       used 78757K, capacity 80708K, committed 80972K, reserved 1120256K
  class space    used 10109K, capacity 10774K, committed 10880K, reserved 1048576K
}

