# JRE version: OpenJDK Runtime Environment (11.0.8+10) (build 11.0.8+10-b944.6842174)
# Java VM: OpenJDK 64-Bit Server VM (11.0.8+10-b944.6842174, mixed mode, tiered, compressed oops, g1 gc, windows-amd64)
Heap:
 garbage-first heap   total 218112K, used 116896K [0x0000000080000000, 0x0000000100000000)
  region size 1024K, 2 young (2048K), 2 survivors (2048K)
 Metaspace       used 86680K, capacity 88750K, committed 88780K, reserved 1126400K
  class space    used 11317K, capacity 12023K, committed 12032K, reserved 1048576K
GC Heap History (20 events):
Event: 33.040 GC heap after
{Heap after GC invocations=37 (full 0):
 garbage-first heap   total 98304K, used 63146K [0x0000000080000000, 0x0000000100000000)
  region size 1024K, 2 young (2048K), 2 survivors (2048K)
 Metaspace       used 81213K, capacity 83076K, committed 83404K, reserved 1122304K
  class space    used 10504K, capacity 11175K, committed 11264K, reserved 1048576K
}
Event: 33.290 GC heap before
{Heap before GC invocations=38 (full 0):
 garbage-first heap   total 98304K, used 79530K [0x0000000080000000, 0x0000000100000000)
  region size 1024K, 16 young (16384K), 2 survivors (2048K)
 Metaspace       used 81314K, capacity 83253K, committed 83404K, reserved 1122304K
  class space    used 10515K, capacity 11184K, committed 11264K, reserved 1048576K
}
Event: 33.297 GC heap after
{Heap after GC invocations=39 (full 0):
 garbage-first heap   total 98304K, used 70555K [0x0000000080000000, 0x0000000100000000)
  region size 1024K, 3 young (3072K), 3 survivors (3072K)
 Metaspace       used 81314K, capacity 83253K, committed 83404K, reserved 1122304K
  class space    used 10515K, capacity 11184K, committed 11264K, reserved 1048576K
}
Event: 33.629 GC heap before
{Heap before GC invocations=40 (full 0):
 garbage-first heap   total 98304K, used 82843K [0x0000000080000000, 0x0000000100000000)
  region size 1024K, 15 young (15360K), 3 survivors (3072K)
 Metaspace       used 82070K, capacity 84066K, committed 84300K, reserved 1122304K
  class space    used 10620K, capacity 11321K, committed 11392K, reserved 1048576K
}
Event: 33.638 GC heap after
{Heap after GC invocations=41 (full 0):
 garbage-first heap   total 118784K, used 74361K [0x0000000080000000, 0x0000000100000000)
  region size 1024K, 2 young (2048K), 2 survivors (2048K)
 Metaspace       used 82070K, capacity 84066K, committed 84300K, reserved 1122304K
  class space    used 10620K, capacity 11321K, committed 11392K, reserved 1048576K
}
Event: 33.897 GC heap before
{Heap before GC invocations=41 (full 0):
 garbage-first heap   total 118784K, used 91769K [0x0000000080000000, 0x0000000100000000)
  region size 1024K, 20 young (20480K), 2 survivors (2048K)
 Metaspace       used 82776K, capacity 84706K, committed 84940K, reserved 1122304K
  class space    used 10706K, capacity 11385K, committed 11520K, reserved 1048576K
}
Event: 33.909 GC heap after
{Heap after GC invocations=42 (full 0):
 garbage-first heap   total 118784K, used 75302K [0x0000000080000000, 0x0000000100000000)
  region size 1024K, 2 young (2048K), 2 survivors (2048K)
 Metaspace       used 82776K, capacity 84706K, committed 84940K, reserved 1122304K
  class space    used 10706K, capacity 11385K, committed 11520K, reserved 1048576K
}
Event: 34.236 GC heap before
{Heap before GC invocations=43 (full 0):
 garbage-first heap   total 118784K, used 82470K [0x0000000080000000, 0x0000000100000000)
  region size 1024K, 11 young (11264K), 2 survivors (2048K)
 Metaspace       used 83479K, capacity 85456K, committed 85708K, reserved 1124352K
  class space    used 10811K, capacity 11507K, committed 11520K, reserved 1048576K
}
Event: 34.242 GC heap after
{Heap after GC invocations=44 (full 0):
 garbage-first heap   total 118784K, used 75973K [0x0000000080000000, 0x0000000100000000)
  region size 1024K, 2 young (2048K), 2 survivors (2048K)
 Metaspace       used 83479K, capacity 85456K, committed 85708K, reserved 1124352K
  class space    used 10811K, capacity 11507K, committed 11520K, reserved 1048576K
}
Event: 34.597 GC heap before
{Heap before GC invocations=45 (full 0):
 garbage-first heap   total 118784K, used 104645K [0x0000000080000000, 0x0000000100000000)
  region size 1024K, 21 young (21504K), 2 survivors (2048K)
 Metaspace       used 84476K, capacity 86493K, committed 86604K, reserved 1124352K
  class space    used 10922K, capacity 11611K, committed 11648K, reserved 1048576K
}
Event: 34.607 GC heap after
{Heap after GC invocations=46 (full 0):
 garbage-first heap   total 118784K, used 87859K [0x0000000080000000, 0x0000000100000000)
  region size 1024K, 3 young (3072K), 3 survivors (3072K)
 Metaspace       used 84476K, capacity 86493K, committed 86604K, reserved 1124352K
  class space    used 10922K, capacity 11611K, committed 11648K, reserved 1048576K
}
Event: 34.831 GC heap before
{Heap before GC invocations=46 (full 0):
 garbage-first heap   total 118784K, used 99123K [0x0000000080000000, 0x0000000100000000)
  region size 1024K, 15 young (15360K), 3 survivors (3072K)
 Metaspace       used 84639K, capacity 86681K, committed 86988K, reserved 1124352K
  class space    used 10947K, capacity 11655K, committed 11776K, reserved 1048576K
}
Event: 34.848 GC heap after
{Heap after GC invocations=47 (full 0):
 garbage-first heap   total 143360K, used 92464K [0x0000000080000000, 0x0000000100000000)
  region size 1024K, 2 young (2048K), 2 survivors (2048K)
 Metaspace       used 84639K, capacity 86681K, committed 86988K, reserved 1124352K
  class space    used 10947K, capacity 11655K, committed 11776K, reserved 1048576K
}
Event: 35.245 GC heap before
{Heap before GC invocations=48 (full 0):
 garbage-first heap   total 143360K, used 109872K [0x0000000080000000, 0x0000000100000000)
  region size 1024K, 20 young (20480K), 2 survivors (2048K)
 Metaspace       used 85029K, capacity 87089K, committed 87244K, reserved 1124352K
  class space    used 11005K, capacity 11707K, committed 11776K, reserved 1048576K
}
Event: 35.264 GC heap after
{Heap after GC invocations=49 (full 0):
 garbage-first heap   total 143360K, used 99032K [0x0000000080000000, 0x0000000100000000)
  region size 1024K, 3 young (3072K), 3 survivors (3072K)
 Metaspace       used 85029K, capacity 87089K, committed 87244K, reserved 1124352K
  class space    used 11005K, capacity 11707K, committed 11776K, reserved 1048576K
}
Event: 35.565 GC heap before
{Heap before GC invocations=49 (full 0):
 garbage-first heap   total 143360K, used 113368K [0x0000000080000000, 0x0000000100000000)
  region size 1024K, 18 young (18432K), 3 survivors (3072K)
 Metaspace       used 86577K, capacity 88674K, committed 88780K, reserved 1126400K
  class space    used 11317K, capacity 12023K, committed 12032K, reserved 1048576K
}
Event: 35.583 GC heap after
{Heap after GC invocations=50 (full 0):
 garbage-first heap   total 143360K, used 105694K [0x0000000080000000, 0x0000000100000000)
  region size 1024K, 3 young (3072K), 3 survivors (3072K)
 Metaspace       used 86577K, capacity 88674K, committed 88780K, reserved 1126400K
  class space    used 11317K, capacity 12023K, committed 12032K, reserved 1048576K
}
Event: 35.817 GC heap before
{Heap before GC invocations=50 (full 0):
 garbage-first heap   total 143360K, used 116958K [0x0000000080000000, 0x0000000100000000)
  region size 1024K, 14 young (14336K), 3 survivors (3072K)
 Metaspace       used 86680K, capacity 88750K, committed 88780K, reserved 1126400K
  class space    used 11317K, capacity 12023K, committed 12032K, reserved 1048576K
}
Event: 35.833 GC heap after
{Heap after GC invocations=51 (full 0):
 garbage-first heap   total 143360K, used 112142K [0x0000000080000000, 0x0000000100000000)
  region size 1024K, 2 young (2048K), 2 survivors (2048K)
 Metaspace       used 86680K, capacity 88750K, committed 88780K, reserved 1126400K
  class space    used 11317K, capacity 12023K, committed 12032K, reserved 1048576K
}
Event: 35.927 GC heap before
{Heap before GC invocations=51 (full 0):
 garbage-first heap   total 143360K, used 119310K [0x0000000080000000, 0x0000000100000000)
  region size 1024K, 9 young (9216K), 2 survivors (2048K)
 Metaspace       used 86680K, capacity 88750K, committed 88780K, reserved 1126400K
  class space    used 11317K, capacity 12023K, committed 12032K, reserved 1048576K
}

