# JRE version: OpenJDK Runtime Environment (11.0.8+10) (build 11.0.8+10-b944.6842174)
# Java VM: OpenJDK 64-Bit Server VM (11.0.8+10-b944.6842174, mixed mode, tiered, compressed oops, g1 gc, windows-amd64)
Heap:
 garbage-first heap   total 427008K, used 215622K [0x0000000080000000, 0x0000000100000000)
  region size 1024K, 58 young (59392K), 10 survivors (10240K)
 Metaspace       used 93559K, capacity 95843K, committed 96076K, reserved 1132544K
  class space    used 12064K, capacity 12866K, committed 12928K, reserved 1048576K
GC Heap History (20 events):
Event: 24.968 GC heap before
{Heap before GC invocations=36 (full 0):
 garbage-first heap   total 172032K, used 128058K [0x0000000080000000, 0x0000000100000000)
  region size 1024K, 41 young (41984K), 6 survivors (6144K)
 Metaspace       used 84947K, capacity 86916K, committed 87116K, reserved 1124352K
  class space    used 11139K, capacity 11855K, committed 11904K, reserved 1048576K
}
Event: 25.022 GC heap after
{Heap after GC invocations=37 (full 0):
 garbage-first heap   total 172032K, used 108824K [0x0000000080000000, 0x0000000100000000)
  region size 1024K, 6 young (6144K), 6 survivors (6144K)
 Metaspace       used 84947K, capacity 86916K, committed 87116K, reserved 1124352K
  class space    used 11139K, capacity 11855K, committed 11904K, reserved 1048576K
}
Event: 25.175 GC heap before
{Heap before GC invocations=37 (full 0):
 garbage-first heap   total 172032K, used 133400K [0x0000000080000000, 0x0000000100000000)
  region size 1024K, 30 young (30720K), 6 survivors (6144K)
 Metaspace       used 84993K, capacity 86987K, committed 87116K, reserved 1124352K
  class space    used 11139K, capacity 11855K, committed 11904K, reserved 1048576K
}
Event: 25.221 GC heap after
{Heap after GC invocations=38 (full 0):
 garbage-first heap   total 172032K, used 123904K [0x0000000080000000, 0x0000000100000000)
  region size 1024K, 4 young (4096K), 4 survivors (4096K)
 Metaspace       used 84993K, capacity 86987K, committed 87116K, reserved 1124352K
  class space    used 11139K, capacity 11855K, committed 11904K, reserved 1048576K
}
Event: 25.512 GC heap before
{Heap before GC invocations=39 (full 0):
 garbage-first heap   total 172032K, used 138240K [0x0000000080000000, 0x0000000100000000)
  region size 1024K, 18 young (18432K), 4 survivors (4096K)
 Metaspace       used 85552K, capacity 87543K, committed 87756K, reserved 1124352K
  class space    used 11221K, capacity 11932K, committed 12032K, reserved 1048576K
}
Event: 25.539 GC heap after
{Heap after GC invocations=40 (full 0):
 garbage-first heap   total 172032K, used 132096K [0x0000000080000000, 0x0000000100000000)
  region size 1024K, 3 young (3072K), 3 survivors (3072K)
 Metaspace       used 85552K, capacity 87543K, committed 87756K, reserved 1124352K
  class space    used 11221K, capacity 11932K, committed 12032K, reserved 1048576K
}
Event: 25.821 GC heap before
{Heap before GC invocations=40 (full 0):
 garbage-first heap   total 172032K, used 142336K [0x0000000080000000, 0x0000000100000000)
  region size 1024K, 13 young (13312K), 3 survivors (3072K)
 Metaspace       used 86642K, capacity 88693K, committed 88908K, reserved 1126400K
  class space    used 11368K, capacity 12135K, committed 12160K, reserved 1048576K
}
Event: 25.846 GC heap after
{Heap after GC invocations=41 (full 0):
 garbage-first heap   total 291840K, used 135075K [0x0000000080000000, 0x0000000100000000)
  region size 1024K, 2 young (2048K), 2 survivors (2048K)
 Metaspace       used 86642K, capacity 88693K, committed 88908K, reserved 1126400K
  class space    used 11368K, capacity 12135K, committed 12160K, reserved 1048576K
}
Event: 27.329 GC heap before
{Heap before GC invocations=42 (full 0):
 garbage-first heap   total 291840K, used 179107K [0x0000000080000000, 0x0000000100000000)
  region size 1024K, 48 young (49152K), 2 survivors (2048K)
 Metaspace       used 87192K, capacity 89257K, committed 89548K, reserved 1126400K
  class space    used 11407K, capacity 12161K, committed 12288K, reserved 1048576K
}
Event: 27.359 GC heap after
{Heap after GC invocations=43 (full 0):
 garbage-first heap   total 291840K, used 137918K [0x0000000080000000, 0x0000000100000000)
  region size 1024K, 6 young (6144K), 6 survivors (6144K)
 Metaspace       used 87192K, capacity 89257K, committed 89548K, reserved 1126400K
  class space    used 11407K, capacity 12161K, committed 12288K, reserved 1048576K
}
Event: 27.525 GC heap before
{Heap before GC invocations=43 (full 0):
 garbage-first heap   total 291840K, used 142014K [0x0000000080000000, 0x0000000100000000)
  region size 1024K, 11 young (11264K), 6 survivors (6144K)
 Metaspace       used 87193K, capacity 89257K, committed 89548K, reserved 1126400K
  class space    used 11407K, capacity 12161K, committed 12288K, reserved 1048576K
}
Event: 27.568 GC heap after
{Heap after GC invocations=44 (full 0):
 garbage-first heap   total 291840K, used 139767K [0x0000000080000000, 0x0000000100000000)
  region size 1024K, 2 young (2048K), 2 survivors (2048K)
 Metaspace       used 87193K, capacity 89257K, committed 89548K, reserved 1126400K
  class space    used 11407K, capacity 12161K, committed 12288K, reserved 1048576K
}
Event: 28.312 GC heap before
{Heap before GC invocations=45 (full 0):
 garbage-first heap   total 291840K, used 151031K [0x0000000080000000, 0x0000000100000000)
  region size 1024K, 13 young (13312K), 2 survivors (2048K)
 Metaspace       used 87427K, capacity 89434K, committed 89804K, reserved 1126400K
  class space    used 11429K, capacity 12174K, committed 12288K, reserved 1048576K
}
Event: 28.324 GC heap after
{Heap after GC invocations=46 (full 0):
 garbage-first heap   total 291840K, used 143171K [0x0000000080000000, 0x0000000100000000)
  region size 1024K, 4 young (4096K), 4 survivors (4096K)
 Metaspace       used 87427K, capacity 89434K, committed 89804K, reserved 1126400K
  class space    used 11429K, capacity 12174K, committed 12288K, reserved 1048576K
}
Event: 28.967 GC heap before
{Heap before GC invocations=47 (full 0):
 garbage-first heap   total 291840K, used 165699K [0x0000000080000000, 0x0000000100000000)
  region size 1024K, 27 young (27648K), 4 survivors (4096K)
 Metaspace       used 87549K, capacity 89564K, committed 89804K, reserved 1126400K
  class space    used 11431K, capacity 12194K, committed 12288K, reserved 1048576K
}
Event: 28.986 GC heap after
{Heap after GC invocations=48 (full 0):
 garbage-first heap   total 427008K, used 147344K [0x0000000080000000, 0x0000000100000000)
  region size 1024K, 7 young (7168K), 7 survivors (7168K)
 Metaspace       used 87549K, capacity 89564K, committed 89804K, reserved 1126400K
  class space    used 11431K, capacity 12194K, committed 12288K, reserved 1048576K
}
Event: 30.323 GC heap before
{Heap before GC invocations=49 (full 0):
 garbage-first heap   total 427008K, used 259984K [0x0000000080000000, 0x0000000100000000)
  region size 1024K, 108 young (110592K), 7 survivors (7168K)
 Metaspace       used 88796K, capacity 90873K, committed 91212K, reserved 1128448K
  class space    used 11548K, capacity 12308K, committed 12416K, reserved 1048576K
}
Event: 30.358 GC heap after
{Heap after GC invocations=50 (full 0):
 garbage-first heap   total 427008K, used 168675K [0x0000000080000000, 0x0000000100000000)
  region size 1024K, 14 young (14336K), 14 survivors (14336K)
 Metaspace       used 88796K, capacity 90873K, committed 91212K, reserved 1128448K
  class space    used 11548K, capacity 12308K, committed 12416K, reserved 1048576K
}
Event: 33.053 GC heap before
{Heap before GC invocations=50 (full 0):
 garbage-first heap   total 427008K, used 286435K [0x0000000080000000, 0x0000000100000000)
  region size 1024K, 126 young (129024K), 14 survivors (14336K)
 Metaspace       used 92968K, capacity 95200K, committed 95308K, reserved 1132544K
  class space    used 12047K, capacity 12854K, committed 12928K, reserved 1048576K
}
Event: 33.099 GC heap after
{Heap after GC invocations=51 (full 0):
 garbage-first heap   total 427008K, used 165446K [0x0000000080000000, 0x0000000100000000)
  region size 1024K, 10 young (10240K), 10 survivors (10240K)
 Metaspace       used 92968K, capacity 95200K, committed 95308K, reserved 1132544K
  class space    used 12047K, capacity 12854K, committed 12928K, reserved 1048576K
}

